<?xml version="1.0" encoding="UTF-8"?>
<!-- Generated by org.testng.reporters.JUnitReportReporter -->
<testsuite hostname="IN-JG6ZZD3" failures="0" tests="1" name="frameworkExtentReport.ExtentReport.ExtentReportDemo" time="7.477" errors="0" timestamp="2024-09-04T17:29:35 IST" skipped="0">
  <testcase classname="frameworkExtentReport.ExtentReport.ExtentReportDemo" name="initialDemo" time="7.477"/>
</testsuite> <!-- frameworkExtentReport.ExtentReport.ExtentReportDemo -->
